# JRE version: OpenJDK Runtime Environment (11.0.11) (build 11.0.11+0-b60-7590822)
# Java VM: OpenJDK 64-Bit Server VM (11.0.11+0-b60-7590822, mixed mode, tiered, compressed oops, g1 gc, linux-amd64)
Heap:
 garbage-first heap   total 139264K, used 97809K [0x00000000a0000000, 0x0000000100000000)
  region size 1024K, 23 young (23552K), 5 survivors (5120K)
 Metaspace       used 76677K, capacity 78859K, committed 79100K, reserved 1118208K
  class space    used 10024K, capacity 10837K, committed 10880K, reserved 1048576K
GC Heap History (20 events):
Event: 44.885 GC heap before
{Heap before GC invocations=30 (full 0):
 garbage-first heap   total 115712K, used 83162K [0x00000000a0000000, 0x0000000100000000)
  region size 1024K, 29 young (29696K), 3 survivors (3072K)
 Metaspace       used 67218K, capacity 68955K, committed 69244K, reserved 1110016K
  class space    used 8530K, capacity 9148K, committed 9216K, reserved 1048576K
}
Event: 44.903 GC heap after
{Heap after GC invocations=31 (full 0):
 garbage-first heap   total 115712K, used 61125K [0x00000000a0000000, 0x0000000100000000)
  region size 1024K, 5 young (5120K), 5 survivors (5120K)
 Metaspace       used 67218K, capacity 68955K, committed 69244K, reserved 1110016K
  class space    used 8530K, capacity 9148K, committed 9216K, reserved 1048576K
}
Event: 46.189 GC heap before
{Heap before GC invocations=32 (full 0):
 garbage-first heap   total 115712K, used 64197K [0x00000000a0000000, 0x0000000100000000)
  region size 1024K, 8 young (8192K), 5 survivors (5120K)
 Metaspace       used 67221K, capacity 68955K, committed 69244K, reserved 1110016K
  class space    used 8530K, capacity 9148K, committed 9216K, reserved 1048576K
}
Event: 46.208 GC heap after
{Heap after GC invocations=33 (full 0):
 garbage-first heap   total 115712K, used 63123K [0x00000000a0000000, 0x0000000100000000)
  region size 1024K, 2 young (2048K), 2 survivors (2048K)
 Metaspace       used 67221K, capacity 68955K, committed 69244K, reserved 1110016K
  class space    used 8530K, capacity 9148K, committed 9216K, reserved 1048576K
}
Event: 47.053 GC heap before
{Heap before GC invocations=34 (full 0):
 garbage-first heap   total 115712K, used 88723K [0x00000000a0000000, 0x0000000100000000)
  region size 1024K, 25 young (25600K), 2 survivors (2048K)
 Metaspace       used 67573K, capacity 69402K, committed 69628K, reserved 1110016K
  class space    used 8587K, capacity 9256K, committed 9344K, reserved 1048576K
}
Event: 47.074 GC heap after
{Heap after GC invocations=35 (full 0):
 garbage-first heap   total 115712K, used 68608K [0x00000000a0000000, 0x0000000100000000)
  region size 1024K, 4 young (4096K), 4 survivors (4096K)
 Metaspace       used 67573K, capacity 69402K, committed 69628K, reserved 1110016K
  class space    used 8587K, capacity 9256K, committed 9344K, reserved 1048576K
}
Event: 47.853 GC heap before
{Heap before GC invocations=35 (full 0):
 garbage-first heap   total 115712K, used 91136K [0x00000000a0000000, 0x0000000100000000)
  region size 1024K, 26 young (26624K), 4 survivors (4096K)
 Metaspace       used 67911K, capacity 69769K, committed 69884K, reserved 1110016K
  class space    used 8641K, capacity 9312K, committed 9344K, reserved 1048576K
}
Event: 47.881 GC heap after
{Heap after GC invocations=36 (full 0):
 garbage-first heap   total 115712K, used 70025K [0x00000000a0000000, 0x0000000100000000)
  region size 1024K, 2 young (2048K), 2 survivors (2048K)
 Metaspace       used 67911K, capacity 69769K, committed 69884K, reserved 1110016K
  class space    used 8641K, capacity 9312K, committed 9344K, reserved 1048576K
}
Event: 48.382 GC heap before
{Heap before GC invocations=37 (full 0):
 garbage-first heap   total 115712K, used 91529K [0x00000000a0000000, 0x0000000100000000)
  region size 1024K, 23 young (23552K), 2 survivors (2048K)
 Metaspace       used 68037K, capacity 69851K, committed 70140K, reserved 1110016K
  class space    used 8658K, capacity 9318K, committed 9344K, reserved 1048576K
}
Event: 48.392 GC heap after
{Heap after GC invocations=38 (full 0):
 garbage-first heap   total 115712K, used 70856K [0x00000000a0000000, 0x0000000100000000)
  region size 1024K, 3 young (3072K), 3 survivors (3072K)
 Metaspace       used 68037K, capacity 69851K, committed 70140K, reserved 1110016K
  class space    used 8658K, capacity 9318K, committed 9344K, reserved 1048576K
}
Event: 48.875 GC heap before
{Heap before GC invocations=38 (full 0):
 garbage-first heap   total 115712K, used 92360K [0x00000000a0000000, 0x0000000100000000)
  region size 1024K, 24 young (24576K), 3 survivors (3072K)
 Metaspace       used 68418K, capacity 70454K, committed 70780K, reserved 1110016K
  class space    used 8701K, capacity 9372K, committed 9472K, reserved 1048576K
}
Event: 48.891 GC heap after
{Heap after GC invocations=39 (full 0):
 garbage-first heap   total 115712K, used 72937K [0x00000000a0000000, 0x0000000100000000)
  region size 1024K, 3 young (3072K), 3 survivors (3072K)
 Metaspace       used 68418K, capacity 70454K, committed 70780K, reserved 1110016K
  class space    used 8701K, capacity 9372K, committed 9472K, reserved 1048576K
}
Event: 51.055 GC heap before
{Heap before GC invocations=40 (full 0):
 garbage-first heap   total 115712K, used 94441K [0x00000000a0000000, 0x0000000100000000)
  region size 1024K, 24 young (24576K), 3 survivors (3072K)
 Metaspace       used 70469K, capacity 72470K, committed 72828K, reserved 1112064K
  class space    used 9006K, capacity 9698K, committed 9728K, reserved 1048576K
}
Event: 51.073 GC heap after
{Heap after GC invocations=41 (full 0):
 garbage-first heap   total 115712K, used 74189K [0x00000000a0000000, 0x0000000100000000)
  region size 1024K, 2 young (2048K), 2 survivors (2048K)
 Metaspace       used 70469K, capacity 72470K, committed 72828K, reserved 1112064K
  class space    used 9006K, capacity 9698K, committed 9728K, reserved 1048576K
}
Event: 52.288 GC heap before
{Heap before GC invocations=41 (full 0):
 garbage-first heap   total 115712K, used 94669K [0x00000000a0000000, 0x0000000100000000)
  region size 1024K, 22 young (22528K), 2 survivors (2048K)
 Metaspace       used 72747K, capacity 74777K, committed 75132K, reserved 1114112K
  class space    used 9443K, capacity 10127K, committed 10240K, reserved 1048576K
}
Event: 52.306 GC heap after
{Heap after GC invocations=42 (full 0):
 garbage-first heap   total 139264K, used 75163K [0x00000000a0000000, 0x0000000100000000)
  region size 1024K, 3 young (3072K), 3 survivors (3072K)
 Metaspace       used 72747K, capacity 74777K, committed 75132K, reserved 1114112K
  class space    used 9443K, capacity 10127K, committed 10240K, reserved 1048576K
}
Event: 54.609 GC heap before
{Heap before GC invocations=43 (full 0):
 garbage-first heap   total 139264K, used 105883K [0x00000000a0000000, 0x0000000100000000)
  region size 1024K, 33 young (33792K), 3 survivors (3072K)
 Metaspace       used 74515K, capacity 76578K, committed 76924K, reserved 1116160K
  class space    used 9669K, capacity 10381K, committed 10496K, reserved 1048576K
}
Event: 54.628 GC heap after
{Heap after GC invocations=44 (full 0):
 garbage-first heap   total 139264K, used 77399K [0x00000000a0000000, 0x0000000100000000)
  region size 1024K, 5 young (5120K), 5 survivors (5120K)
 Metaspace       used 74515K, capacity 76578K, committed 76924K, reserved 1116160K
  class space    used 9669K, capacity 10381K, committed 10496K, reserved 1048576K
}
Event: 55.494 GC heap before
{Heap before GC invocations=44 (full 0):
 garbage-first heap   total 139264K, used 108119K [0x00000000a0000000, 0x0000000100000000)
  region size 1024K, 35 young (35840K), 5 survivors (5120K)
 Metaspace       used 75499K, capacity 77619K, committed 77948K, reserved 1116160K
  class space    used 9847K, capacity 10643K, committed 10752K, reserved 1048576K
}
Event: 55.536 GC heap after
{Heap after GC invocations=45 (full 0):
 garbage-first heap   total 139264K, used 80401K [0x00000000a0000000, 0x0000000100000000)
  region size 1024K, 5 young (5120K), 5 survivors (5120K)
 Metaspace       used 75499K, capacity 77619K, committed 77948K, reserved 1116160K
  class space    used 9847K, capacity 10643K, committed 10752K, reserved 1048576K
}

