# JRE version: OpenJDK Runtime Environment (11.0.11) (build 11.0.11+0-b60-7590822)
# Java VM: OpenJDK 64-Bit Server VM (11.0.11+0-b60-7590822, mixed mode, tiered, compressed oops, g1 gc, linux-amd64)
Heap:
 garbage-first heap   total 407552K, used 306816K [0x00000000a0000000, 0x0000000100000000)
  region size 1024K, 68 young (69632K), 4 survivors (4096K)
 Metaspace       used 143985K, capacity 149642K, committed 150428K, reserved 1179648K
  class space    used 18335K, capacity 20343K, committed 20684K, reserved 1048576K
GC Heap History (20 events):
Event: 610.413 GC heap before
{Heap before GC invocations=114 (full 0):
 garbage-first heap   total 407552K, used 182586K [0x00000000a0000000, 0x0000000100000000)
  region size 1024K, 28 young (28672K), 19 survivors (19456K)
 Metaspace       used 140564K, capacity 146403K, committed 146588K, reserved 1175552K
  class space    used 18086K, capacity 20169K, committed 20172K, reserved 1048576K
}
Event: 610.576 GC heap after
{Heap after GC invocations=115 (full 0):
 garbage-first heap   total 407552K, used 177105K [0x00000000a0000000, 0x0000000100000000)
  region size 1024K, 3 young (3072K), 3 survivors (3072K)
 Metaspace       used 140564K, capacity 146403K, committed 146588K, reserved 1175552K
  class space    used 18086K, capacity 20169K, committed 20172K, reserved 1048576K
}
Event: 611.489 GC heap before
{Heap before GC invocations=115 (full 0):
 garbage-first heap   total 407552K, used 210897K [0x00000000a0000000, 0x0000000100000000)
  region size 1024K, 37 young (37888K), 3 survivors (3072K)
 Metaspace       used 141344K, capacity 147283K, committed 147484K, reserved 1177600K
  class space    used 18161K, capacity 20283K, committed 20300K, reserved 1048576K
}
Event: 611.510 GC heap after
{Heap after GC invocations=116 (full 0):
 garbage-first heap   total 407552K, used 175309K [0x00000000a0000000, 0x0000000100000000)
  region size 1024K, 3 young (3072K), 3 survivors (3072K)
 Metaspace       used 141344K, capacity 147283K, committed 147484K, reserved 1177600K
  class space    used 18161K, capacity 20283K, committed 20300K, reserved 1048576K
}
Event: 612.032 GC heap before
{Heap before GC invocations=116 (full 0):
 garbage-first heap   total 407552K, used 182477K [0x00000000a0000000, 0x0000000100000000)
  region size 1024K, 12 young (12288K), 3 survivors (3072K)
 Metaspace       used 141525K, capacity 147418K, committed 147740K, reserved 1177600K
  class space    used 18175K, capacity 20285K, committed 20300K, reserved 1048576K
}
Event: 612.044 GC heap after
{Heap after GC invocations=117 (full 0):
 garbage-first heap   total 407552K, used 174289K [0x00000000a0000000, 0x0000000100000000)
  region size 1024K, 2 young (2048K), 2 survivors (2048K)
 Metaspace       used 141525K, capacity 147418K, committed 147740K, reserved 1177600K
  class space    used 18175K, capacity 20285K, committed 20300K, reserved 1048576K
}
Event: 617.966 GC heap before
{Heap before GC invocations=118 (full 0):
 garbage-first heap   total 407552K, used 263377K [0x00000000a0000000, 0x0000000100000000)
  region size 1024K, 83 young (84992K), 2 survivors (2048K)
 Metaspace       used 142201K, capacity 147911K, committed 149020K, reserved 1177600K
  class space    used 18114K, capacity 20122K, committed 20556K, reserved 1048576K
}
Event: 617.991 GC heap after
{Heap after GC invocations=119 (full 0):
 garbage-first heap   total 407552K, used 181436K [0x00000000a0000000, 0x0000000100000000)
  region size 1024K, 6 young (6144K), 6 survivors (6144K)
 Metaspace       used 142201K, capacity 147911K, committed 149020K, reserved 1177600K
  class space    used 18114K, capacity 20122K, committed 20556K, reserved 1048576K
}
Event: 619.071 GC heap before
{Heap before GC invocations=119 (full 0):
 garbage-first heap   total 407552K, used 212156K [0x00000000a0000000, 0x0000000100000000)
  region size 1024K, 19 young (19456K), 6 survivors (6144K)
 Metaspace       used 142793K, capacity 148425K, committed 149276K, reserved 1177600K
  class space    used 18191K, capacity 20204K, committed 20556K, reserved 1048576K
}
Event: 619.093 GC heap after
{Heap after GC invocations=120 (full 0):
 garbage-first heap   total 407552K, used 191948K [0x00000000a0000000, 0x0000000100000000)
  region size 1024K, 3 young (3072K), 3 survivors (3072K)
 Metaspace       used 142793K, capacity 148425K, committed 149276K, reserved 1177600K
  class space    used 18191K, capacity 20204K, committed 20556K, reserved 1048576K
}
Event: 620.012 GC heap before
{Heap before GC invocations=120 (full 0):
 garbage-first heap   total 407552K, used 218572K [0x00000000a0000000, 0x0000000100000000)
  region size 1024K, 29 young (29696K), 3 survivors (3072K)
 Metaspace       used 143423K, capacity 149136K, committed 150172K, reserved 1179648K
  class space    used 18340K, capacity 20356K, committed 20684K, reserved 1048576K
}
Event: 620.079 GC heap after
{Heap after GC invocations=121 (full 0):
 garbage-first heap   total 407552K, used 202339K [0x00000000a0000000, 0x0000000100000000)
  region size 1024K, 4 young (4096K), 4 survivors (4096K)
 Metaspace       used 143423K, capacity 149136K, committed 150172K, reserved 1179648K
  class space    used 18340K, capacity 20356K, committed 20684K, reserved 1048576K
}
Event: 620.503 GC heap before
{Heap before GC invocations=121 (full 0):
 garbage-first heap   total 407552K, used 221795K [0x00000000a0000000, 0x0000000100000000)
  region size 1024K, 23 young (23552K), 4 survivors (4096K)
 Metaspace       used 143516K, capacity 149206K, committed 150172K, reserved 1179648K
  class space    used 18340K, capacity 20356K, committed 20684K, reserved 1048576K
}
Event: 620.548 GC heap after
{Heap after GC invocations=122 (full 0):
 garbage-first heap   total 407552K, used 211952K [0x00000000a0000000, 0x0000000100000000)
  region size 1024K, 3 young (3072K), 3 survivors (3072K)
 Metaspace       used 143516K, capacity 149206K, committed 150172K, reserved 1179648K
  class space    used 18340K, capacity 20356K, committed 20684K, reserved 1048576K
}
Event: 622.109 GC heap before
{Heap before GC invocations=123 (full 0):
 garbage-first heap   total 407552K, used 269296K [0x00000000a0000000, 0x0000000100000000)
  region size 1024K, 62 young (63488K), 3 survivors (3072K)
 Metaspace       used 143716K, capacity 149361K, committed 150428K, reserved 1179648K
  class space    used 18326K, capacity 20329K, committed 20684K, reserved 1048576K
}
Event: 622.218 GC heap after
{Heap after GC invocations=124 (full 0):
 garbage-first heap   total 407552K, used 229270K [0x00000000a0000000, 0x0000000100000000)
  region size 1024K, 8 young (8192K), 8 survivors (8192K)
 Metaspace       used 143716K, capacity 149361K, committed 150428K, reserved 1179648K
  class space    used 18326K, capacity 20329K, committed 20684K, reserved 1048576K
}
Event: 622.592 GC heap before
{Heap before GC invocations=124 (full 0):
 garbage-first heap   total 407552K, used 240534K [0x00000000a0000000, 0x0000000100000000)
  region size 1024K, 19 young (19456K), 8 survivors (8192K)
 Metaspace       used 143773K, capacity 149431K, committed 150428K, reserved 1179648K
  class space    used 18326K, capacity 20329K, committed 20684K, reserved 1048576K
}
Event: 622.703 GC heap after
{Heap after GC invocations=125 (full 0):
 garbage-first heap   total 407552K, used 225792K [0x00000000a0000000, 0x0000000100000000)
  region size 1024K, 3 young (3072K), 3 survivors (3072K)
 Metaspace       used 143773K, capacity 149431K, committed 150428K, reserved 1179648K
  class space    used 18326K, capacity 20329K, committed 20684K, reserved 1048576K
}
Event: 623.188 GC heap before
{Heap before GC invocations=125 (full 0):
 garbage-first heap   total 407552K, used 244224K [0x00000000a0000000, 0x0000000100000000)
  region size 1024K, 22 young (22528K), 3 survivors (3072K)
 Metaspace       used 143786K, capacity 149433K, committed 150428K, reserved 1179648K
  class space    used 18326K, capacity 20329K, committed 20684K, reserved 1048576K
}
Event: 623.338 GC heap after
{Heap after GC invocations=126 (full 0):
 garbage-first heap   total 407552K, used 231040K [0x00000000a0000000, 0x0000000100000000)
  region size 1024K, 4 young (4096K), 4 survivors (4096K)
 Metaspace       used 143786K, capacity 149433K, committed 150428K, reserved 1179648K
  class space    used 18326K, capacity 20329K, committed 20684K, reserved 1048576K
}

