# JRE version: OpenJDK Runtime Environment (11.0.11) (build 11.0.11+0-b60-7590822)
# Java VM: OpenJDK 64-Bit Server VM (11.0.11+0-b60-7590822, mixed mode, tiered, compressed oops, g1 gc, linux-amd64)
Heap:
 garbage-first heap   total 96256K, used 32367K [0x00000000a0000000, 0x0000000100000000)
  region size 1024K, 4 young (4096K), 3 survivors (3072K)
 Metaspace       used 46137K, capacity 47334K, committed 47616K, reserved 1091584K
  class space    used 5912K, capacity 6309K, committed 6400K, reserved 1048576K
GC Heap History (20 events):
Event: 10.080 GC heap before
{Heap before GC invocations=5 (full 0):
 garbage-first heap   total 55296K, used 33559K [0x00000000a0000000, 0x0000000100000000)
  region size 1024K, 19 young (19456K), 2 survivors (2048K)
 Metaspace       used 20626K, capacity 21077K, committed 21248K, reserved 1067008K
  class space    used 2520K, capacity 2689K, committed 2816K, reserved 1048576K
}
Event: 10.096 GC heap after
{Heap after GC invocations=6 (full 0):
 garbage-first heap   total 66560K, used 17719K [0x00000000a0000000, 0x0000000100000000)
  region size 1024K, 3 young (3072K), 3 survivors (3072K)
 Metaspace       used 20626K, capacity 21077K, committed 21248K, reserved 1067008K
  class space    used 2520K, capacity 2689K, committed 2816K, reserved 1048576K
}
Event: 11.560 GC heap before
{Heap before GC invocations=7 (full 0):
 garbage-first heap   total 66560K, used 41271K [0x00000000a0000000, 0x0000000100000000)
  region size 1024K, 27 young (27648K), 3 survivors (3072K)
 Metaspace       used 22755K, capacity 23287K, committed 23552K, reserved 1069056K
  class space    used 2887K, capacity 3064K, committed 3072K, reserved 1048576K
}
Event: 11.578 GC heap after
{Heap after GC invocations=8 (full 0):
 garbage-first heap   total 66560K, used 18583K [0x00000000a0000000, 0x0000000100000000)
  region size 1024K, 3 young (3072K), 3 survivors (3072K)
 Metaspace       used 22755K, capacity 23287K, committed 23552K, reserved 1069056K
  class space    used 2887K, capacity 3064K, committed 3072K, reserved 1048576K
}
Event: 13.897 GC heap before
{Heap before GC invocations=8 (full 0):
 garbage-first heap   total 66560K, used 45207K [0x00000000a0000000, 0x0000000100000000)
  region size 1024K, 29 young (29696K), 3 survivors (3072K)
 Metaspace       used 25920K, capacity 26444K, committed 26624K, reserved 1073152K
  class space    used 3370K, capacity 3568K, committed 3584K, reserved 1048576K
}
Event: 13.921 GC heap after
{Heap after GC invocations=9 (full 0):
 garbage-first heap   total 66560K, used 19814K [0x00000000a0000000, 0x0000000100000000)
  region size 1024K, 3 young (3072K), 3 survivors (3072K)
 Metaspace       used 25920K, capacity 26444K, committed 26624K, reserved 1073152K
  class space    used 3370K, capacity 3568K, committed 3584K, reserved 1048576K
}
Event: 15.252 GC heap before
{Heap before GC invocations=9 (full 0):
 garbage-first heap   total 66560K, used 46438K [0x00000000a0000000, 0x0000000100000000)
  region size 1024K, 29 young (29696K), 3 survivors (3072K)
 Metaspace       used 28167K, capacity 28872K, committed 29056K, reserved 1075200K
  class space    used 3698K, capacity 3954K, committed 3968K, reserved 1048576K
}
Event: 15.281 GC heap after
{Heap after GC invocations=10 (full 0):
 garbage-first heap   total 66560K, used 20569K [0x00000000a0000000, 0x0000000100000000)
  region size 1024K, 3 young (3072K), 3 survivors (3072K)
 Metaspace       used 28167K, capacity 28872K, committed 29056K, reserved 1075200K
  class space    used 3698K, capacity 3954K, committed 3968K, reserved 1048576K
}
Event: 16.752 GC heap before
{Heap before GC invocations=10 (full 0):
 garbage-first heap   total 66560K, used 46169K [0x00000000a0000000, 0x0000000100000000)
  region size 1024K, 29 young (29696K), 3 survivors (3072K)
 Metaspace       used 31165K, capacity 31837K, committed 32128K, reserved 1077248K
  class space    used 4151K, capacity 4409K, committed 4480K, reserved 1048576K
}
Event: 16.766 GC heap after
{Heap after GC invocations=11 (full 0):
 garbage-first heap   total 79872K, used 21461K [0x00000000a0000000, 0x0000000100000000)
  region size 1024K, 3 young (3072K), 3 survivors (3072K)
 Metaspace       used 31165K, capacity 31837K, committed 32128K, reserved 1077248K
  class space    used 4151K, capacity 4409K, committed 4480K, reserved 1048576K
}
Event: 18.337 GC heap before
{Heap before GC invocations=11 (full 0):
 garbage-first heap   total 79872K, used 31701K [0x00000000a0000000, 0x0000000100000000)
  region size 1024K, 14 young (14336K), 3 survivors (3072K)
 Metaspace       used 35029K, capacity 35780K, committed 35840K, reserved 1081344K
  class space    used 4526K, capacity 4831K, committed 4864K, reserved 1048576K
}
Event: 18.374 GC heap after
{Heap after GC invocations=12 (full 0):
 garbage-first heap   total 79872K, used 23350K [0x00000000a0000000, 0x0000000100000000)
  region size 1024K, 4 young (4096K), 4 survivors (4096K)
 Metaspace       used 35029K, capacity 35780K, committed 35840K, reserved 1081344K
  class space    used 4526K, capacity 4831K, committed 4864K, reserved 1048576K
}
Event: 19.958 GC heap before
{Heap before GC invocations=13 (full 0):
 garbage-first heap   total 79872K, used 48950K [0x00000000a0000000, 0x0000000100000000)
  region size 1024K, 30 young (30720K), 4 survivors (4096K)
 Metaspace       used 36687K, capacity 37573K, committed 37888K, reserved 1081344K
  class space    used 4699K, capacity 5019K, committed 5120K, reserved 1048576K
}
Event: 19.989 GC heap after
{Heap after GC invocations=14 (full 0):
 garbage-first heap   total 79872K, used 26071K [0x00000000a0000000, 0x0000000100000000)
  region size 1024K, 4 young (4096K), 4 survivors (4096K)
 Metaspace       used 36687K, capacity 37573K, committed 37888K, reserved 1081344K
  class space    used 4699K, capacity 5019K, committed 5120K, reserved 1048576K
}
Event: 22.359 GC heap before
{Heap before GC invocations=14 (full 0):
 garbage-first heap   total 79872K, used 56791K [0x00000000a0000000, 0x0000000100000000)
  region size 1024K, 31 young (31744K), 4 survivors (4096K)
 Metaspace       used 39437K, capacity 40342K, committed 40448K, reserved 1085440K
  class space    used 5007K, capacity 5364K, committed 5376K, reserved 1048576K
}
Event: 22.383 GC heap after
{Heap after GC invocations=15 (full 0):
 garbage-first heap   total 79872K, used 27920K [0x00000000a0000000, 0x0000000100000000)
  region size 1024K, 4 young (4096K), 4 survivors (4096K)
 Metaspace       used 39437K, capacity 40342K, committed 40448K, reserved 1085440K
  class space    used 5007K, capacity 5364K, committed 5376K, reserved 1048576K
}
Event: 24.895 GC heap before
{Heap before GC invocations=15 (full 0):
 garbage-first heap   total 79872K, used 55568K [0x00000000a0000000, 0x0000000100000000)
  region size 1024K, 31 young (31744K), 4 survivors (4096K)
 Metaspace       used 41618K, capacity 42628K, committed 42880K, reserved 1087488K
  class space    used 5345K, capacity 5717K, committed 5760K, reserved 1048576K
}
Event: 24.935 GC heap after
{Heap after GC invocations=16 (full 0):
 garbage-first heap   total 79872K, used 29742K [0x00000000a0000000, 0x0000000100000000)
  region size 1024K, 4 young (4096K), 4 survivors (4096K)
 Metaspace       used 41618K, capacity 42628K, committed 42880K, reserved 1087488K
  class space    used 5345K, capacity 5717K, committed 5760K, reserved 1048576K
}
Event: 26.914 GC heap before
{Heap before GC invocations=16 (full 0):
 garbage-first heap   total 79872K, used 58414K [0x00000000a0000000, 0x0000000100000000)
  region size 1024K, 31 young (31744K), 4 survivors (4096K)
 Metaspace       used 43801K, capacity 44817K, committed 45184K, reserved 1089536K
  class space    used 5560K, capacity 5931K, committed 6016K, reserved 1048576K
}
Event: 26.940 GC heap after
{Heap after GC invocations=17 (full 0):
 garbage-first heap   total 96256K, used 31323K [0x00000000a0000000, 0x0000000100000000)
  region size 1024K, 4 young (4096K), 4 survivors (4096K)
 Metaspace       used 43801K, capacity 44817K, committed 45184K, reserved 1089536K
  class space    used 5560K, capacity 5931K, committed 6016K, reserved 1048576K
}

