# JRE version: OpenJDK Runtime Environment (11.0.11) (build 11.0.11+0-b60-7590822)
# Java VM: OpenJDK 64-Bit Server VM (11.0.11+0-b60-7590822, mixed mode, tiered, compressed oops, g1 gc, linux-amd64)
Heap:
 garbage-first heap   total 96256K, used 41854K [0x00000000a0000000, 0x0000000100000000)
  region size 1024K, 15 young (15360K), 5 survivors (5120K)
 Metaspace       used 48026K, capacity 49289K, committed 49532K, reserved 1091584K
  class space    used 6120K, capacity 6572K, committed 6656K, reserved 1048576K
GC Heap History (20 events):
Event: 10.149 GC heap before
{Heap before GC invocations=7 (full 0):
 garbage-first heap   total 66560K, used 44030K [0x00000000a0000000, 0x0000000100000000)
  region size 1024K, 28 young (28672K), 2 survivors (2048K)
 Metaspace       used 23074K, capacity 23618K, committed 23856K, reserved 1071104K
  class space    used 2927K, capacity 3110K, committed 3200K, reserved 1048576K
}
Event: 10.170 GC heap after
{Heap after GC invocations=8 (full 0):
 garbage-first heap   total 66560K, used 18416K [0x00000000a0000000, 0x0000000100000000)
  region size 1024K, 3 young (3072K), 3 survivors (3072K)
 Metaspace       used 23074K, capacity 23618K, committed 23856K, reserved 1071104K
  class space    used 2927K, capacity 3110K, committed 3200K, reserved 1048576K
}
Event: 11.359 GC heap before
{Heap before GC invocations=8 (full 0):
 garbage-first heap   total 66560K, used 45040K [0x00000000a0000000, 0x0000000100000000)
  region size 1024K, 29 young (29696K), 3 survivors (3072K)
 Metaspace       used 26104K, capacity 26671K, committed 26928K, reserved 1073152K
  class space    used 3394K, capacity 3601K, committed 3712K, reserved 1048576K
}
Event: 11.372 GC heap after
{Heap after GC invocations=9 (full 0):
 garbage-first heap   total 66560K, used 19376K [0x00000000a0000000, 0x0000000100000000)
  region size 1024K, 3 young (3072K), 3 survivors (3072K)
 Metaspace       used 26104K, capacity 26671K, committed 26928K, reserved 1073152K
  class space    used 3394K, capacity 3601K, committed 3712K, reserved 1048576K
}
Event: 12.408 GC heap before
{Heap before GC invocations=9 (full 0):
 garbage-first heap   total 66560K, used 46000K [0x00000000a0000000, 0x0000000100000000)
  region size 1024K, 29 young (29696K), 3 survivors (3072K)
 Metaspace       used 28199K, capacity 28813K, committed 28976K, reserved 1075200K
  class space    used 3713K, capacity 3956K, committed 3968K, reserved 1048576K
}
Event: 12.422 GC heap after
{Heap after GC invocations=10 (full 0):
 garbage-first heap   total 66560K, used 20233K [0x00000000a0000000, 0x0000000100000000)
  region size 1024K, 3 young (3072K), 3 survivors (3072K)
 Metaspace       used 28199K, capacity 28813K, committed 28976K, reserved 1075200K
  class space    used 3713K, capacity 3956K, committed 3968K, reserved 1048576K
}
Event: 13.756 GC heap before
{Heap before GC invocations=10 (full 0):
 garbage-first heap   total 66560K, used 45833K [0x00000000a0000000, 0x0000000100000000)
  region size 1024K, 29 young (29696K), 3 survivors (3072K)
 Metaspace       used 31625K, capacity 32332K, committed 32560K, reserved 1077248K
  class space    used 4199K, capacity 4469K, committed 4480K, reserved 1048576K
}
Event: 13.778 GC heap after
{Heap after GC invocations=11 (full 0):
 garbage-first heap   total 79872K, used 21470K [0x00000000a0000000, 0x0000000100000000)
  region size 1024K, 4 young (4096K), 4 survivors (4096K)
 Metaspace       used 31625K, capacity 32332K, committed 32560K, reserved 1077248K
  class space    used 4199K, capacity 4469K, committed 4480K, reserved 1048576K
}
Event: 14.477 GC heap before
{Heap before GC invocations=11 (full 0):
 garbage-first heap   total 79872K, used 28638K [0x00000000a0000000, 0x0000000100000000)
  region size 1024K, 12 young (12288K), 4 survivors (4096K)
 Metaspace       used 34748K, capacity 35508K, committed 35708K, reserved 1081344K
  class space    used 4483K, capacity 4782K, committed 4864K, reserved 1048576K
}
Event: 14.507 GC heap after
{Heap after GC invocations=12 (full 0):
 garbage-first heap   total 79872K, used 22931K [0x00000000a0000000, 0x0000000100000000)
  region size 1024K, 4 young (4096K), 4 survivors (4096K)
 Metaspace       used 34748K, capacity 35508K, committed 35708K, reserved 1081344K
  class space    used 4483K, capacity 4782K, committed 4864K, reserved 1048576K
}
Event: 16.282 GC heap before
{Heap before GC invocations=13 (full 0):
 garbage-first heap   total 79872K, used 53651K [0x00000000a0000000, 0x0000000100000000)
  region size 1024K, 34 young (34816K), 4 survivors (4096K)
 Metaspace       used 37139K, capacity 37968K, committed 38012K, reserved 1083392K
  class space    used 4775K, capacity 5088K, committed 5120K, reserved 1048576K
}
Event: 16.305 GC heap after
{Heap after GC invocations=14 (full 0):
 garbage-first heap   total 79872K, used 25379K [0x00000000a0000000, 0x0000000100000000)
  region size 1024K, 4 young (4096K), 4 survivors (4096K)
 Metaspace       used 37139K, capacity 37968K, committed 38012K, reserved 1083392K
  class space    used 4775K, capacity 5088K, committed 5120K, reserved 1048576K
}
Event: 17.904 GC heap before
{Heap before GC invocations=14 (full 0):
 garbage-first heap   total 79872K, used 59171K [0x00000000a0000000, 0x0000000100000000)
  region size 1024K, 35 young (35840K), 4 survivors (4096K)
 Metaspace       used 39796K, capacity 40762K, committed 40956K, reserved 1085440K
  class space    used 5071K, capacity 5439K, committed 5504K, reserved 1048576K
}
Event: 17.932 GC heap after
{Heap after GC invocations=15 (full 0):
 garbage-first heap   total 79872K, used 27378K [0x00000000a0000000, 0x0000000100000000)
  region size 1024K, 5 young (5120K), 5 survivors (5120K)
 Metaspace       used 39796K, capacity 40762K, committed 40956K, reserved 1085440K
  class space    used 5071K, capacity 5439K, committed 5504K, reserved 1048576K
}
Event: 19.504 GC heap before
{Heap before GC invocations=15 (full 0):
 garbage-first heap   total 79872K, used 58098K [0x00000000a0000000, 0x0000000100000000)
  region size 1024K, 35 young (35840K), 5 survivors (5120K)
 Metaspace       used 42514K, capacity 43477K, committed 43644K, reserved 1087488K
  class space    used 5483K, capacity 5852K, committed 5888K, reserved 1048576K
}
Event: 19.528 GC heap after
{Heap after GC invocations=16 (full 0):
 garbage-first heap   total 96256K, used 28816K [0x00000000a0000000, 0x0000000100000000)
  region size 1024K, 4 young (4096K), 4 survivors (4096K)
 Metaspace       used 42514K, capacity 43477K, committed 43644K, reserved 1087488K
  class space    used 5483K, capacity 5852K, committed 5888K, reserved 1048576K
}
Event: 21.598 GC heap before
{Heap before GC invocations=16 (full 0):
 garbage-first heap   total 96256K, used 65680K [0x00000000a0000000, 0x0000000100000000)
  region size 1024K, 40 young (40960K), 4 survivors (4096K)
 Metaspace       used 44966K, capacity 46030K, committed 46332K, reserved 1089536K
  class space    used 5746K, capacity 6147K, committed 6272K, reserved 1048576K
}
Event: 21.622 GC heap after
{Heap after GC invocations=17 (full 0):
 garbage-first heap   total 96256K, used 31142K [0x00000000a0000000, 0x0000000100000000)
  region size 1024K, 4 young (4096K), 4 survivors (4096K)
 Metaspace       used 44966K, capacity 46030K, committed 46332K, reserved 1089536K
  class space    used 5746K, capacity 6147K, committed 6272K, reserved 1048576K
}
Event: 25.280 GC heap before
{Heap before GC invocations=17 (full 0):
 garbage-first heap   total 96256K, used 70054K [0x00000000a0000000, 0x0000000100000000)
  region size 1024K, 42 young (43008K), 4 survivors (4096K)
 Metaspace       used 47663K, capacity 48864K, committed 49148K, reserved 1091584K
  class space    used 6069K, capacity 6516K, committed 6528K, reserved 1048576K
}
Event: 25.300 GC heap after
{Heap after GC invocations=18 (full 0):
 garbage-first heap   total 96256K, used 33662K [0x00000000a0000000, 0x0000000100000000)
  region size 1024K, 5 young (5120K), 5 survivors (5120K)
 Metaspace       used 47663K, capacity 48864K, committed 49148K, reserved 1091584K
  class space    used 6069K, capacity 6516K, committed 6528K, reserved 1048576K
}

