# JRE version: OpenJDK Runtime Environment (11.0.11) (build 11.0.11+0-b60-7590822)
# Java VM: OpenJDK 64-Bit Server VM (11.0.11+0-b60-7590822, mixed mode, tiered, compressed oops, g1 gc, linux-amd64)
Heap:
 garbage-first heap   total 201728K, used 141520K [0x00000000a0000000, 0x0000000100000000)
  region size 1024K, 5 young (5120K), 3 survivors (3072K)
 Metaspace       used 90391K, capacity 93927K, committed 94204K, reserved 1130496K
  class space    used 11890K, capacity 13063K, committed 13184K, reserved 1048576K
GC Heap History (20 events):
Event: 77.495 GC heap before
{Heap before GC invocations=43 (full 0):
 garbage-first heap   total 167936K, used 115860K [0x00000000a0000000, 0x0000000100000000)
  region size 1024K, 32 young (32768K), 6 survivors (6144K)
 Metaspace       used 79092K, capacity 81918K, committed 82172K, reserved 1120256K
  class space    used 10317K, capacity 11305K, committed 11392K, reserved 1048576K
}
Event: 77.548 GC heap after
{Heap after GC invocations=44 (full 0):
 garbage-first heap   total 167936K, used 95292K [0x00000000a0000000, 0x0000000100000000)
  region size 1024K, 4 young (4096K), 4 survivors (4096K)
 Metaspace       used 79092K, capacity 81918K, committed 82172K, reserved 1120256K
  class space    used 10317K, capacity 11305K, committed 11392K, reserved 1048576K
}
Event: 78.434 GC heap before
{Heap before GC invocations=45 (full 0):
 garbage-first heap   total 167936K, used 100412K [0x00000000a0000000, 0x0000000100000000)
  region size 1024K, 9 young (9216K), 4 survivors (4096K)
 Metaspace       used 79093K, capacity 81918K, committed 82172K, reserved 1120256K
  class space    used 10317K, capacity 11305K, committed 11392K, reserved 1048576K
}
Event: 78.463 GC heap after
{Heap after GC invocations=46 (full 0):
 garbage-first heap   total 167936K, used 101744K [0x00000000a0000000, 0x0000000100000000)
  region size 1024K, 5 young (5120K), 5 survivors (5120K)
 Metaspace       used 79093K, capacity 81918K, committed 82172K, reserved 1120256K
  class space    used 10317K, capacity 11305K, committed 11392K, reserved 1048576K
}
Event: 82.277 GC heap before
{Heap before GC invocations=47 (full 0):
 garbage-first heap   total 167936K, used 131440K [0x00000000a0000000, 0x0000000100000000)
  region size 1024K, 34 young (34816K), 5 survivors (5120K)
 Metaspace       used 79809K, capacity 82805K, committed 83068K, reserved 1120256K
  class space    used 10422K, capacity 11412K, committed 11520K, reserved 1048576K
}
Event: 82.327 GC heap after
{Heap after GC invocations=48 (full 0):
 garbage-first heap   total 167936K, used 105441K [0x00000000a0000000, 0x0000000100000000)
  region size 1024K, 5 young (5120K), 5 survivors (5120K)
 Metaspace       used 79809K, capacity 82805K, committed 83068K, reserved 1120256K
  class space    used 10422K, capacity 11412K, committed 11520K, reserved 1048576K
}
Event: 83.726 GC heap before
{Heap before GC invocations=48 (full 0):
 garbage-first heap   total 167936K, used 121825K [0x00000000a0000000, 0x0000000100000000)
  region size 1024K, 23 young (23552K), 5 survivors (5120K)
 Metaspace       used 79980K, capacity 83038K, committed 83324K, reserved 1122304K
  class space    used 10441K, capacity 11463K, committed 11520K, reserved 1048576K
}
Event: 83.783 GC heap after
{Heap after GC invocations=49 (full 0):
 garbage-first heap   total 201728K, used 108542K [0x00000000a0000000, 0x0000000100000000)
  region size 1024K, 3 young (3072K), 3 survivors (3072K)
 Metaspace       used 79980K, capacity 83038K, committed 83324K, reserved 1122304K
  class space    used 10441K, capacity 11463K, committed 11520K, reserved 1048576K
}
Event: 87.898 GC heap before
{Heap before GC invocations=50 (full 0):
 garbage-first heap   total 201728K, used 150526K [0x00000000a0000000, 0x0000000100000000)
  region size 1024K, 39 young (39936K), 3 survivors (3072K)
 Metaspace       used 81882K, capacity 84973K, committed 85116K, reserved 1122304K
  class space    used 10692K, capacity 11736K, committed 11776K, reserved 1048576K
}
Event: 87.979 GC heap after
{Heap after GC invocations=51 (full 0):
 garbage-first heap   total 201728K, used 117760K [0x00000000a0000000, 0x0000000100000000)
  region size 1024K, 5 young (5120K), 5 survivors (5120K)
 Metaspace       used 81882K, capacity 84973K, committed 85116K, reserved 1122304K
  class space    used 10692K, capacity 11736K, committed 11776K, reserved 1048576K
}
Event: 89.790 GC heap before
{Heap before GC invocations=51 (full 0):
 garbage-first heap   total 201728K, used 152576K [0x00000000a0000000, 0x0000000100000000)
  region size 1024K, 39 young (39936K), 5 survivors (5120K)
 Metaspace       used 84866K, capacity 88025K, committed 88444K, reserved 1126400K
  class space    used 11145K, capacity 12207K, committed 12288K, reserved 1048576K
}
Event: 89.826 GC heap after
{Heap after GC invocations=52 (full 0):
 garbage-first heap   total 201728K, used 119983K [0x00000000a0000000, 0x0000000100000000)
  region size 1024K, 2 young (2048K), 2 survivors (2048K)
 Metaspace       used 84866K, capacity 88025K, committed 88444K, reserved 1126400K
  class space    used 11145K, capacity 12207K, committed 12288K, reserved 1048576K
}
Event: 92.797 GC heap before
{Heap before GC invocations=53 (full 0):
 garbage-first heap   total 201728K, used 155823K [0x00000000a0000000, 0x0000000100000000)
  region size 1024K, 37 young (37888K), 2 survivors (2048K)
 Metaspace       used 87422K, capacity 90787K, committed 91004K, reserved 1128448K
  class space    used 11420K, capacity 12523K, committed 12544K, reserved 1048576K
}
Event: 92.835 GC heap after
{Heap after GC invocations=54 (full 0):
 garbage-first heap   total 201728K, used 126906K [0x00000000a0000000, 0x0000000100000000)
  region size 1024K, 5 young (5120K), 5 survivors (5120K)
 Metaspace       used 87422K, capacity 90787K, committed 91004K, reserved 1128448K
  class space    used 11420K, capacity 12523K, committed 12544K, reserved 1048576K
}
Event: 94.929 GC heap before
{Heap before GC invocations=54 (full 0):
 garbage-first heap   total 201728K, used 160698K [0x00000000a0000000, 0x0000000100000000)
  region size 1024K, 38 young (38912K), 5 survivors (5120K)
 Metaspace       used 88574K, capacity 91888K, committed 92156K, reserved 1128448K
  class space    used 11567K, capacity 12643K, committed 12672K, reserved 1048576K
}
Event: 94.984 GC heap after
{Heap after GC invocations=55 (full 0):
 garbage-first heap   total 201728K, used 133647K [0x00000000a0000000, 0x0000000100000000)
  region size 1024K, 5 young (5120K), 5 survivors (5120K)
 Metaspace       used 88574K, capacity 91888K, committed 92156K, reserved 1128448K
  class space    used 11567K, capacity 12643K, committed 12672K, reserved 1048576K
}
Event: 96.448 GC heap before
{Heap before GC invocations=56 (full 0):
 garbage-first heap   total 201728K, used 163343K [0x00000000a0000000, 0x0000000100000000)
  region size 1024K, 34 young (34816K), 5 survivors (5120K)
 Metaspace       used 90002K, capacity 93471K, committed 93820K, reserved 1130496K
  class space    used 11809K, capacity 12953K, committed 13056K, reserved 1048576K
}
Event: 96.488 GC heap after
{Heap after GC invocations=57 (full 0):
 garbage-first heap   total 201728K, used 137461K [0x00000000a0000000, 0x0000000100000000)
  region size 1024K, 4 young (4096K), 4 survivors (4096K)
 Metaspace       used 90002K, capacity 93471K, committed 93820K, reserved 1130496K
  class space    used 11809K, capacity 12953K, committed 13056K, reserved 1048576K
}
Event: 96.743 GC heap before
{Heap before GC invocations=57 (full 0):
 garbage-first heap   total 201728K, used 142581K [0x00000000a0000000, 0x0000000100000000)
  region size 1024K, 11 young (11264K), 4 survivors (4096K)
 Metaspace       used 90210K, capacity 93687K, committed 93820K, reserved 1130496K
  class space    used 11855K, capacity 12984K, committed 13056K, reserved 1048576K
}
Event: 96.770 GC heap after
{Heap after GC invocations=58 (full 0):
 garbage-first heap   total 201728K, used 138567K [0x00000000a0000000, 0x0000000100000000)
  region size 1024K, 1 young (1024K), 1 survivors (1024K)
 Metaspace       used 90210K, capacity 93687K, committed 93820K, reserved 1130496K
  class space    used 11855K, capacity 12984K, committed 13056K, reserved 1048576K
}

